0	1	0	0	0	0	0	0	0	0.jpeg
1	0	1	0	0	0	0	0	0	1.jpeg
2	0	0	1	0	0	0	0	0	2.jpeg
3	0	1	0	0	0	0	0	0	3.jpeg
4	1	0	0	0	0	0	0	0	4.jpeg
5	1	0	0	0	0	0	0	0	5.jpeg
6	0	0	0	1	0	0	0	0	6.jpeg
7	1	0	0	0	0	0	0	0	7.jpeg
8	0	0	0	0	1	0	0	0	8.jpeg
9	0	0	0	0	0	1	0	0	9.jpeg
10	0	0	1	0	0	0	0	0	10.jpeg
11	0	0	0	0	0	1	0	0	11.jpeg
12	0	0	0	0	0	0	1	0	12.jpeg
13	0	0	0	0	0	0	1	0	13.jpeg
14	0	0	0	1	0	0	0	0	14.jpeg
15	1	0	0	0	0	0	0	0	15.jpeg
16	0	1	0	0	0	0	0	0	16.jpeg
17	0	0	0	0	0	1	0	0	17.jpeg
18	0	0	0	1	0	0	0	0	18.jpeg
19	1	0	0	0	0	0	0	0	19.jpeg
20	0	0	0	0	0	0	1	0	20.jpeg
21	0	1	0	0	0	0	0	0	21.jpeg
22	0	0	0	0	0	0	1	0	22.jpeg
23	0	0	0	0	1	0	0	0	23.jpeg
24	0	0	0	0	0	0	1	0	24.jpeg
25	1	0	0	0	0	0	0	0	25.jpeg
26	0	0	0	1	0	0	0	0	26.jpeg
27	0	0	0	0	0	0	0	1	27.jpeg
28	1	0	0	0	0	0	0	0	28.jpeg
29	0	0	1	0	0	0	0	0	29.jpeg
30	0	0	0	0	1	0	0	0	30.jpeg
31	1	0	0	0	0	0	0	0	31.jpeg
32	0	0	1	0	0	0	0	0	32.jpeg
33	1	0	0	0	0	0	0	0	33.jpeg
34	0	0	0	0	1	0	0	0	34.jpeg
35	1	0	0	0	0	0	0	0	35.jpeg
36	0	1	0	0	0	0	0	0	36.jpeg
37	1	0	0	0	0	0	0	0	37.jpeg
38	1	0	0	0	0	0	0	0	38.jpeg
39	0	0	0	0	0	0	1	0	39.jpeg
40	1	0	0	0	0	0	0	0	40.jpeg
41	0	0	0	0	0	1	0	0	41.jpeg
42	0	0	1	0	0	0	0	0	42.jpeg
43	1	0	0	0	0	0	0	0	43.jpeg
44	0	0	1	0	0	0	0	0	44.jpeg
45	0	0	0	0	0	0	1	0	45.jpeg
46	0	0	0	0	0	1	0	0	46.jpeg
47	0	0	0	1	0	0	0	0	47.jpeg
48	1	0	0	0	0	0	0	0	48.jpeg
49	0	0	0	0	0	1	0	0	49.jpeg
50	0	0	0	0	0	0	1	0	50.jpeg
51	0	0	1	0	0	0	0	0	51.jpeg
52	0	0	0	0	1	0	0	0	52.jpeg
53	1	0	0	0	0	0	0	0	53.jpeg
54	1	0	0	0	0	0	0	0	54.jpeg
55	0	0	0	0	0	0	1	0	55.jpeg
56	0	0	0	0	0	0	0	1	56.jpeg
57	1	0	0	0	0	0	0	0	57.jpeg
58	0	0	0	0	0	0	1	0	58.jpeg
59	1	0	0	0	0	0	0	0	59.jpeg
60	0	0	0	0	0	0	1	0	60.jpeg
61	1	0	0	0	0	0	0	0	61.jpeg
62	1	0	0	0	0	0	0	0	62.jpeg
63	0	0	1	0	0	0	0	0	63.jpeg
64	0	0	0	0	1	0	0	0	64.jpeg
65	0	0	0	0	1	0	0	0	65.jpeg
66	0	0	0	1	0	0	0	0	66.jpeg
67	0	0	0	1	0	0	0	0	67.jpeg
68	0	0	0	1	0	0	0	0	68.jpeg
69	1	0	0	0	0	0	0	0	69.jpeg
70	0	0	0	0	0	0	1	0	70.jpeg
71	1	0	0	0	0	0	0	0	71.jpeg
72	0	1	0	0	0	0	0	0	72.jpeg
73	1	0	0	0	0	0	0	0	73.jpeg
74	1	0	0	0	0	0	0	0	74.jpeg
75	1	0	0	0	0	0	0	0	75.jpeg
76	1	0	0	0	0	0	0	0	76.jpeg
77	0	0	0	1	0	0	0	0	77.jpeg
78	0	0	0	0	0	0	1	0	78.jpeg
79	1	0	0	0	0	0	0	0	79.jpeg
80	1	0	0	0	0	0	0	0	80.jpeg
81	1	0	0	0	0	0	0	0	81.jpeg
82	1	0	0	0	0	0	0	0	82.jpeg
83	0	0	0	0	0	1	0	0	83.jpeg
84	1	0	0	0	0	0	0	0	84.jpeg
85	0	0	0	1	0	0	0	0	85.jpeg
86	0	0	0	0	0	1	0	0	86.jpeg
87	0	0	0	0	0	1	0	0	87.jpeg
88	0	0	0	0	0	0	1	0	88.jpeg
89	0	0	1	0	0	0	0	0	89.jpeg
90	0	0	0	0	0	0	0	1	90.jpeg
91	1	0	0	0	0	0	0	0	91.jpeg
92	0	0	0	0	0	1	0	0	92.jpeg
93	0	0	0	0	0	0	1	0	93.jpeg
94	1	0	0	0	0	0	0	0	94.jpeg
95	0	0	0	0	1	0	0	0	95.jpeg
96	1	0	0	0	0	0	0	0	96.jpeg
97	0	1	0	0	0	0	0	0	97.jpeg
98	0	0	1	0	0	0	0	0	98.jpeg
99	1	0	0	0	0	0	0	0	99.jpeg
100	0	0	0	0	0	0	1	0	100.jpeg
101	1	0	0	0	0	0	0	0	101.jpeg
102	0	0	0	0	0	0	0	1	102.jpeg
103	0	0	0	0	0	1	0	0	103.jpeg
104	1	0	0	0	0	0	0	0	104.jpeg
105	0	0	1	0	0	0	0	0	105.jpeg
106	0	0	1	0	0	0	0	0	106.jpeg
107	1	0	0	0	0	0	0	0	107.jpeg
108	0	0	0	1	0	0	0	0	108.jpeg
109	0	0	0	1	0	0	0	0	109.jpeg
110	0	0	0	0	0	1	0	0	110.jpeg
111	0	0	0	0	0	1	0	0	111.jpeg
112	0	0	1	0	0	0	0	0	112.jpeg
113	1	0	0	0	0	0	0	0	113.jpeg
114	1	0	0	0	0	0	0	0	114.jpeg
115	0	0	1	0	0	0	0	0	115.jpeg
116	1	0	0	0	0	0	0	0	116.jpeg
117	0	1	0	0	0	0	0	0	117.jpeg
118	1	0	0	0	0	0	0	0	118.jpeg
119	1	0	0	0	0	0	0	0	119.jpeg
120	1	0	0	0	0	0	0	0	120.jpeg
121	0	0	0	0	1	0	0	0	121.jpeg
122	0	0	0	0	0	0	1	0	122.jpeg
123	1	0	0	0	0	0	0	0	123.jpeg
124	0	0	1	0	0	0	0	0	124.jpeg
125	0	0	1	0	0	0	0	0	125.jpeg
126	1	0	0	0	0	0	0	0	126.jpeg
127	1	0	0	0	0	0	0	0	127.jpeg
128	1	0	0	0	0	0	0	0	128.jpeg
129	0	0	0	0	1	0	0	0	129.jpeg
130	1	0	0	0	0	0	0	0	130.jpeg
131	1	0	0	0	0	0	0	0	131.jpeg
132	1	0	0	0	0	0	0	0	132.jpeg
133	0	0	0	0	0	1	0	0	133.jpeg
134	1	0	0	0	0	0	0	0	134.jpeg
135	0	0	1	0	0	0	0	0	135.jpeg
136	0	0	0	0	0	0	1	0	136.jpeg
137	0	0	0	0	0	0	0	1	137.jpeg
138	1	0	0	0	0	0	0	0	138.jpeg
139	0	0	1	0	0	0	0	0	139.jpeg
140	0	0	0	0	0	0	0	1	140.jpeg
141	0	0	0	1	0	0	0	0	141.jpeg
142	1	0	0	0	0	0	0	0	142.jpeg
143	0	1	0	0	0	0	0	0	143.jpeg
144	0	1	0	0	0	0	0	0	144.jpeg
145	0	0	0	0	0	0	1	0	145.jpeg
146	0	0	1	0	0	0	0	0	146.jpeg
147	0	0	1	0	0	0	0	0	147.jpeg
148	0	0	0	0	1	0	0	0	148.jpeg
149	1	0	0	0	0	0	0	0	149.jpeg
150	0	1	0	0	0	0	0	0	150.jpeg
151	0	0	0	0	0	0	1	0	151.jpeg
152	0	0	0	1	0	0	0	0	152.jpeg
153	0	0	0	0	0	1	0	0	153.jpeg
154	1	0	0	0	0	0	0	0	154.jpeg
155	1	0	0	0	0	0	0	0	155.jpeg
156	0	0	0	1	0	0	0	0	156.jpeg
157	1	0	0	0	0	0	0	0	157.jpeg
158	0	0	0	0	0	0	1	0	158.jpeg
159	0	0	0	0	0	1	0	0	159.jpeg
160	1	0	0	0	0	0	0	0	160.jpeg
161	0	0	0	0	1	0	0	0	161.jpeg
162	1	0	0	0	0	0	0	0	162.jpeg
163	0	1	0	0	0	0	0	0	163.jpeg
164	0	0	0	0	0	1	0	0	164.jpeg
165	0	0	0	1	0	0	0	0	165.jpeg
166	0	0	0	0	0	0	1	0	166.jpeg
167	1	0	0	0	0	0	0	0	167.jpeg
168	1	0	0	0	0	0	0	0	168.jpeg
169	0	0	1	0	0	0	0	0	169.jpeg
170	1	0	0	0	0	0	0	0	170.jpeg
171	0	0	0	0	1	0	0	0	171.jpeg
172	0	0	0	0	0	0	0	1	172.jpeg
173	0	0	1	0	0	0	0	0	173.jpeg
174	0	0	1	0	0	0	0	0	174.jpeg
175	0	0	0	0	0	0	0	1	175.jpeg
176	1	0	0	0	0	0	0	0	176.jpeg
177	1	0	0	0	0	0	0	0	177.jpeg
178	0	0	0	1	0	0	0	0	178.jpeg
179	0	0	0	0	1	0	0	0	179.jpeg
180	1	0	0	0	0	0	0	0	180.jpeg
181	0	0	1	0	0	0	0	0	181.jpeg
182	1	0	0	0	0	0	0	0	182.jpeg
183	0	0	0	0	0	1	0	0	183.jpeg
184	0	0	0	0	1	0	0	0	184.jpeg
185	0	0	0	1	0	0	0	0	185.jpeg
186	0	1	0	0	0	0	0	0	186.jpeg
187	0	0	0	1	0	0	0	0	187.jpeg
188	0	0	1	0	0	0	0	0	188.jpeg
189	0	0	0	0	1	0	0	0	189.jpeg
190	1	0	0	0	0	0	0	0	190.jpeg
191	1	0	0	0	0	0	0	0	191.jpeg
192	0	0	0	0	0	0	1	0	192.jpeg
193	0	0	0	0	0	0	1	0	193.jpeg
194	0	0	0	0	0	0	1	0	194.jpeg
195	0	0	0	1	0	0	0	0	195.jpeg
196	0	0	0	1	0	0	0	0	196.jpeg
197	0	0	1	0	0	0	0	0	197.jpeg
198	1	0	0	0	0	0	0	0	198.jpeg
199	1	0	0	0	0	0	0	0	199.jpeg
200	0	0	0	0	0	0	1	0	200.jpeg
201	0	0	0	0	0	0	1	0	201.jpeg
202	0	0	0	0	1	0	0	0	202.jpeg
203	0	0	0	0	0	0	1	0	203.jpeg
204	0	0	0	0	0	0	1	0	204.jpeg
205	1	0	0	0	0	0	0	0	205.jpeg
206	0	1	0	0	0	0	0	0	206.jpeg
207	0	0	0	0	0	0	0	1	207.jpeg
208	0	0	0	0	1	0	0	0	208.jpeg
209	0	0	0	0	0	1	0	0	209.jpeg
210	0	0	0	1	0	0	0	0	210.jpeg
211	1	0	0	0	0	0	0	0	211.jpeg
212	0	1	0	0	0	0	0	0	212.jpeg
213	0	0	0	0	0	0	1	0	213.jpeg
214	0	0	0	0	0	1	0	0	214.jpeg
215	1	0	0	0	0	0	0	0	215.jpeg
216	1	0	0	0	0	0	0	0	216.jpeg
217	0	0	0	0	0	0	1	0	217.jpeg
218	0	0	1	0	0	0	0	0	218.jpeg
219	0	0	1	0	0	0	0	0	219.jpeg
220	0	0	0	1	0	0	0	0	220.jpeg
221	0	1	0	0	0	0	0	0	221.jpeg
222	0	0	0	0	0	1	0	0	222.jpeg
223	0	0	0	0	0	0	0	1	223.jpeg
224	1	0	0	0	0	0	0	0	224.jpeg
225	1	0	0	0	0	0	0	0	225.jpeg
226	0	0	0	1	0	0	0	0	226.jpeg
227	1	0	0	0	0	0	0	0	227.jpeg
228	1	0	0	0	0	0	0	0	228.jpeg
229	1	0	0	0	0	0	0	0	229.jpeg
230	1	0	0	0	0	0	0	0	230.jpeg
231	1	0	0	0	0	0	0	0	231.jpeg
232	0	0	0	0	0	0	0	1	232.jpeg
233	0	0	0	0	0	0	1	0	233.jpeg
234	0	0	0	0	0	1	0	0	234.jpeg
235	0	0	1	0	0	0	0	0	235.jpeg
236	0	0	0	0	1	0	0	0	236.jpeg
237	0	0	0	1	0	0	0	0	237.jpeg
238	1	0	0	0	0	0	0	0	238.jpeg
239	0	0	0	0	0	0	1	0	239.jpeg
240	1	0	0	0	0	0	0	0	240.jpeg
241	1	0	0	0	0	0	0	0	241.jpeg
242	1	0	0	0	0	0	0	0	242.jpeg
243	1	0	0	0	0	0	0	0	243.jpeg
244	0	0	0	0	0	0	0	1	244.jpeg
245	0	0	0	1	0	0	0	0	245.jpeg
246	1	0	0	0	0	0	0	0	246.jpeg
247	0	0	0	0	1	0	0	0	247.jpeg
248	0	0	0	0	0	1	0	0	248.jpeg
249	0	0	0	0	1	0	0	0	249.jpeg
250	1	0	0	0	0	0	0	0	250.jpeg
251	1	0	0	0	0	0	0	0	251.jpeg
252	1	0	0	0	0	0	0	0	252.jpeg
253	0	0	0	1	0	0	0	0	253.jpeg
254	1	0	0	0	0	0	0	0	254.jpeg
255	1	0	0	0	0	0	0	0	255.jpeg
256	0	0	0	1	0	0	0	0	256.jpeg
257	1	0	0	0	0	0	0	0	257.jpeg
258	1	0	0	0	0	0	0	0	258.jpeg
259	0	0	0	0	0	0	1	0	259.jpeg
260	0	0	0	0	0	0	0	1	260.jpeg
261	0	0	0	0	0	0	1	0	261.jpeg
262	1	0	0	0	0	0	0	0	262.jpeg
263	0	0	0	0	0	0	0	1	263.jpeg
264	1	0	0	0	0	0	0	0	264.jpeg
265	1	0	0	0	0	0	0	0	265.jpeg
266	0	1	0	0	0	0	0	0	266.jpeg
267	0	0	0	0	0	0	0	1	267.jpeg
268	1	0	0	0	0	0	0	0	268.jpeg
269	1	0	0	0	0	0	0	0	269.jpeg
270	1	0	0	0	0	0	0	0	270.jpeg
271	1	0	0	0	0	0	0	0	271.jpeg
272	1	0	0	0	0	0	0	0	272.jpeg
273	1	0	0	0	0	0	0	0	273.jpeg
274	0	0	0	0	1	0	0	0	274.jpeg
275	0	1	0	0	0	0	0	0	275.jpeg
276	0	0	1	0	0	0	0	0	276.jpeg
277	0	0	0	0	0	0	1	0	277.jpeg
278	1	0	0	0	0	0	0	0	278.jpeg
279	0	1	0	0	0	0	0	0	279.jpeg
280	0	0	0	0	0	0	1	0	280.jpeg
281	0	0	0	0	0	0	1	0	281.jpeg
282	0	1	0	0	0	0	0	0	282.jpeg
283	0	1	0	0	0	0	0	0	283.jpeg
284	0	0	0	1	0	0	0	0	284.jpeg
285	0	0	0	0	1	0	0	0	285.jpeg
286	0	0	0	1	0	0	0	0	286.jpeg
287	1	0	0	0	0	0	0	0	287.jpeg
288	0	0	0	0	0	1	0	0	288.jpeg
289	0	0	1	0	0	0	0	0	289.jpeg
290	0	0	0	1	0	0	0	0	290.jpeg
291	1	0	0	0	0	0	0	0	291.jpeg
292	0	0	0	0	0	0	0	1	292.jpeg
293	1	0	0	0	0	0	0	0	293.jpeg
294	1	0	0	0	0	0	0	0	294.jpeg
295	0	0	0	0	0	0	0	1	295.jpeg
296	0	0	0	0	0	0	0	1	296.jpeg
297	1	0	0	0	0	0	0	0	297.jpeg
298	1	0	0	0	0	0	0	0	298.jpeg
299	0	0	0	0	1	0	0	0	299.jpeg
300	1	0	0	0	0	0	0	0	300.jpeg
301	0	0	0	0	0	0	1	0	301.jpeg
302	0	0	0	0	0	0	1	0	302.jpeg
303	0	0	0	0	0	0	1	0	303.jpeg
304	0	0	1	0	0	0	0	0	304.jpeg
305	0	0	0	1	0	0	0	0	305.jpeg
306	0	0	0	0	0	0	0	1	306.jpeg
307	0	0	0	0	0	1	0	0	307.jpeg
308	0	0	0	0	0	1	0	0	308.jpeg
309	1	0	0	0	0	0	0	0	309.jpeg
310	0	0	0	0	1	0	0	0	310.jpeg
311	0	0	1	0	0	0	0	0	311.jpeg
312	1	0	0	0	0	0	0	0	312.jpeg
313	1	0	0	0	0	0	0	0	313.jpeg
314	0	1	0	0	0	0	0	0	314.jpeg
315	1	0	0	0	0	0	0	0	315.jpeg
316	0	0	0	0	0	0	1	0	316.jpeg
317	0	0	1	0	0	0	0	0	317.jpeg
318	0	1	0	0	0	0	0	0	318.jpeg
319	0	0	0	0	1	0	0	0	319.jpeg
320	0	0	0	0	0	0	1	0	320.jpeg
321	0	1	0	0	0	0	0	0	321.jpeg
322	1	0	0	0	0	0	0	0	322.jpeg
323	0	0	0	0	0	0	1	0	323.jpeg
324	0	0	0	0	0	1	0	0	324.jpeg
325	0	0	0	0	1	0	0	0	325.jpeg
326	1	0	0	0	0	0	0	0	326.jpeg
327	0	0	0	0	0	0	0	1	327.jpeg
328	1	0	0	0	0	0	0	0	328.jpeg
329	0	0	1	0	0	0	0	0	329.jpeg
330	1	0	0	0	0	0	0	0	330.jpeg
331	1	0	0	0	0	0	0	0	331.jpeg
332	0	0	0	0	0	0	1	0	332.jpeg
333	1	0	0	0	0	0	0	0	333.jpeg
334	0	0	0	0	0	0	1	0	334.jpeg
335	0	1	0	0	0	0	0	0	335.jpeg
336	1	0	0	0	0	0	0	0	336.jpeg
337	1	0	0	0	0	0	0	0	337.jpeg
338	0	0	1	0	0	0	0	0	338.jpeg
339	1	0	0	0	0	0	0	0	339.jpeg
340	0	0	0	0	0	0	0	1	340.jpeg
341	0	0	1	0	0	0	0	0	341.jpeg
342	1	0	0	0	0	0	0	0	342.jpeg
343	1	0	0	0	0	0	0	0	343.jpeg
344	1	0	0	0	0	0	0	0	344.jpeg
345	1	0	0	0	0	0	0	0	345.jpeg
346	0	0	0	0	0	1	0	0	346.jpeg
347	0	0	1	0	0	0	0	0	347.jpeg
348	1	0	0	0	0	0	0	0	348.jpeg
349	1	0	0	0	0	0	0	0	349.jpeg
350	0	0	0	1	0	0	0	0	350.jpeg
351	0	1	0	0	0	0	0	0	351.jpeg
352	1	0	0	0	0	0	0	0	352.jpeg
353	0	1	0	0	0	0	0	0	353.jpeg
354	0	0	0	0	0	0	1	0	354.jpeg
355	1	0	0	0	0	0	0	0	355.jpeg
356	1	0	0	0	0	0	0	0	356.jpeg
357	1	0	0	0	0	0	0	0	357.jpeg
358	0	0	0	0	0	0	1	0	358.jpeg
359	0	0	0	0	0	1	0	0	359.jpeg
360	0	0	0	0	0	0	1	0	360.jpeg
361	0	0	0	0	0	1	0	0	361.jpeg
362	1	0	0	0	0	0	0	0	362.jpeg
363	0	0	0	1	0	0	0	0	363.jpeg
364	0	1	0	0	0	0	0	0	364.jpeg
365	1	0	0	0	0	0	0	0	365.jpeg
366	1	0	0	0	0	0	0	0	366.jpeg
367	0	0	0	0	0	1	0	0	367.jpeg
368	0	0	0	0	0	1	0	0	368.jpeg
369	0	0	0	0	0	1	0	0	369.jpeg
370	1	0	0	0	0	0	0	0	370.jpeg
371	1	0	0	0	0	0	0	0	371.jpeg
372	0	1	0	0	0	0	0	0	372.jpeg
373	0	0	0	1	0	0	0	0	373.jpeg
374	0	1	0	0	0	0	0	0	374.jpeg
375	0	0	1	0	0	0	0	0	375.jpeg
376	0	1	0	0	0	0	0	0	376.jpeg
377	0	0	0	1	0	0	0	0	377.jpeg
378	0	0	0	1	0	0	0	0	378.jpeg
379	0	1	0	0	0	0	0	0	379.jpeg
380	1	0	0	0	0	0	0	0	380.jpeg
381	1	0	0	0	0	0	0	0	381.jpeg
382	1	0	0	0	0	0	0	0	382.jpeg
383	1	0	0	0	0	0	0	0	383.jpeg
384	1	0	0	0	0	0	0	0	384.jpeg
385	0	0	0	1	0	0	0	0	385.jpeg
386	0	1	0	0	0	0	0	0	386.jpeg
387	0	0	0	0	1	0	0	0	387.jpeg
388	0	1	0	0	0	0	0	0	388.jpeg
389	0	0	0	0	0	1	0	0	389.jpeg
390	0	0	1	0	0	0	0	0	390.jpeg
391	1	0	0	0	0	0	0	0	391.jpeg
392	0	0	0	0	0	1	0	0	392.jpeg
393	0	0	0	0	0	0	0	1	393.jpeg
394	1	0	0	0	0	0	0	0	394.jpeg
395	1	0	0	0	0	0	0	0	395.jpeg
396	0	0	0	0	0	0	1	0	396.jpeg
397	0	0	0	0	0	1	0	0	397.jpeg
398	1	0	0	0	0	0	0	0	398.jpeg
399	1	0	0	0	0	0	0	0	399.jpeg
400	1	0	0	0	0	0	0	0	400.jpeg
401	0	1	0	0	0	0	0	0	401.jpeg
402	1	0	0	0	0	0	0	0	402.jpeg
403	1	0	0	0	0	0	0	0	403.jpeg
404	1	0	0	0	0	0	0	0	404.jpeg
405	1	0	0	0	0	0	0	0	405.jpeg
406	0	0	0	1	0	0	0	0	406.jpeg
407	0	0	0	0	0	0	1	0	407.jpeg
408	0	0	0	0	1	0	0	0	408.jpeg
409	0	0	1	0	0	0	0	0	409.jpeg
410	0	0	0	0	0	0	0	1	410.jpeg
411	0	0	0	1	0	0	0	0	411.jpeg
412	1	0	0	0	0	0	0	0	412.jpeg
413	0	0	0	0	0	1	0	0	413.jpeg
414	0	0	0	0	0	0	0	1	414.jpeg
415	0	0	0	0	0	0	1	0	415.jpeg
416	1	0	0	0	0	0	0	0	416.jpeg
417	0	0	0	0	0	0	1	0	417.jpeg
418	0	0	0	0	0	0	1	0	418.jpeg
419	0	0	0	0	0	1	0	0	419.jpeg
420	0	0	0	0	0	0	1	0	420.jpeg
421	0	0	0	0	0	0	1	0	421.jpeg
422	0	0	0	0	1	0	0	0	422.jpeg
423	1	0	0	0	0	0	0	0	423.jpeg
424	0	0	0	0	1	0	0	0	424.jpeg
425	0	0	0	1	0	0	0	0	425.jpeg
426	0	0	1	0	0	0	0	0	426.jpeg
427	0	0	0	1	0	0	0	0	427.jpeg
428	1	0	0	0	0	0	0	0	428.jpeg
429	0	0	1	0	0	0	0	0	429.jpeg
430	1	0	0	0	0	0	0	0	430.jpeg
431	0	0	0	1	0	0	0	0	431.jpeg
432	1	0	0	0	0	0	0	0	432.jpeg
433	1	0	0	0	0	0	0	0	433.jpeg
434	0	1	0	0	0	0	0	0	434.jpeg
435	0	0	0	1	0	0	0	0	435.jpeg
436	0	0	0	0	0	0	0	1	436.jpeg
437	0	0	1	0	0	0	0	0	437.jpeg
438	0	0	0	0	1	0	0	0	438.jpeg
439	0	0	0	0	0	0	0	1	439.jpeg
440	1	0	0	0	0	0	0	0	440.jpeg
441	0	0	1	0	0	0	0	0	441.jpeg
442	1	0	0	0	0	0	0	0	442.jpeg
443	1	0	0	0	0	0	0	0	443.jpeg
444	0	0	0	0	0	1	0	0	444.jpeg
445	0	1	0	0	0	0	0	0	445.jpeg
446	0	0	0	0	0	0	1	0	446.jpeg
447	1	0	0	0	0	0	0	0	447.jpeg
448	0	0	0	0	0	0	1	0	448.jpeg
449	0	0	0	0	0	1	0	0	449.jpeg
450	0	0	0	0	0	0	1	0	450.jpeg
451	1	0	0	0	0	0	0	0	451.jpeg
452	1	0	0	0	0	0	0	0	452.jpeg
453	0	0	0	0	1	0	0	0	453.jpeg
454	0	0	0	1	0	0	0	0	454.jpeg
455	0	1	0	0	0	0	0	0	455.jpeg
456	0	0	0	0	0	0	1	0	456.jpeg
457	0	1	0	0	0	0	0	0	457.jpeg
458	0	0	0	0	0	0	1	0	458.jpeg
459	0	1	0	0	0	0	0	0	459.jpeg
460	0	1	0	0	0	0	0	0	460.jpeg
461	0	0	0	0	0	0	1	0	461.jpeg
462	0	0	0	0	0	0	1	0	462.jpeg
463	0	0	1	0	0	0	0	0	463.jpeg
464	0	0	0	0	1	0	0	0	464.jpeg
465	1	0	0	0	0	0	0	0	465.jpeg
466	0	0	0	1	0	0	0	0	466.jpeg
467	0	0	0	0	0	0	1	0	467.jpeg
468	0	0	0	0	0	0	1	0	468.jpeg
469	0	0	0	0	1	0	0	0	469.jpeg
470	0	0	0	0	1	0	0	0	470.jpeg
471	1	0	0	0	0	0	0	0	471.jpeg
472	1	0	0	0	0	0	0	0	472.jpeg
473	0	0	0	0	1	0	0	0	473.jpeg
474	1	0	0	0	0	0	0	0	474.jpeg
475	0	0	0	0	0	0	1	0	475.jpeg
476	0	0	0	0	0	0	0	1	476.jpeg
477	0	1	0	0	0	0	0	0	477.jpeg
478	1	0	0	0	0	0	0	0	478.jpeg
479	1	0	0	0	0	0	0	0	479.jpeg
480	0	0	0	0	0	0	1	0	480.jpeg
481	0	0	0	0	1	0	0	0	481.jpeg
482	0	0	0	1	0	0	0	0	482.jpeg
483	1	0	0	0	0	0	0	0	483.jpeg
484	0	0	0	1	0	0	0	0	484.jpeg
485	0	0	0	1	0	0	0	0	485.jpeg
486	0	0	1	0	0	0	0	0	486.jpeg
487	0	1	0	0	0	0	0	0	487.jpeg
488	0	1	0	0	0	0	0	0	488.jpeg
489	0	0	0	1	0	0	0	0	489.jpeg
490	0	0	0	0	0	0	1	0	490.jpeg
491	1	0	0	0	0	0	0	0	491.jpeg
492	0	0	0	0	0	0	1	0	492.jpeg
493	0	1	0	0	0	0	0	0	493.jpeg
494	0	0	0	0	0	0	1	0	494.jpeg
495	1	0	0	0	0	0	0	0	495.jpeg
496	0	0	0	1	0	0	0	0	496.jpeg
497	0	0	0	0	0	1	0	0	497.jpeg
498	0	1	0	0	0	0	0	0	498.jpeg
499	0	0	0	0	0	0	0	1	499.jpeg
500	1	0	0	0	0	0	0	0	500.jpeg
501	0	0	1	0	0	0	0	0	501.jpeg
502	1	0	0	0	0	0	0	0	502.jpeg
503	1	0	0	0	0	0	0	0	503.jpeg
504	0	0	0	0	0	1	0	0	504.jpeg
505	1	0	0	0	0	0	0	0	505.jpeg
506	0	1	0	0	0	0	0	0	506.jpeg
507	0	0	0	1	0	0	0	0	507.jpeg
508	0	0	0	0	0	0	0	1	508.jpeg
509	0	0	1	0	0	0	0	0	509.jpeg
510	0	0	1	0	0	0	0	0	510.jpeg
511	1	0	0	0	0	0	0	0	511.jpeg
512	0	0	0	0	1	0	0	0	512.jpeg
513	0	0	0	0	0	1	0	0	513.jpeg
514	0	0	0	1	0	0	0	0	514.jpeg
515	1	0	0	0	0	0	0	0	515.jpeg
516	0	0	0	0	1	0	0	0	516.jpeg
517	0	0	0	0	1	0	0	0	517.jpeg
518	0	0	0	0	1	0	0	0	518.jpeg
519	0	0	0	1	0	0	0	0	519.jpeg
520	0	0	0	1	0	0	0	0	520.jpeg
521	0	0	1	0	0	0	0	0	521.jpeg
522	1	0	0	0	0	0	0	0	522.jpeg
523	1	0	0	0	0	0	0	0	523.jpeg
524	0	0	0	1	0	0	0	0	524.jpeg
525	0	0	1	0	0	0	0	0	525.jpeg
526	0	0	0	0	0	0	1	0	526.jpeg
527	0	1	0	0	0	0	0	0	527.jpeg
528	1	0	0	0	0	0	0	0	528.jpeg
529	0	0	1	0	0	0	0	0	529.jpeg
530	1	0	0	0	0	0	0	0	530.jpeg
531	0	0	0	0	0	1	0	0	531.jpeg
532	1	0	0	0	0	0	0	0	532.jpeg
533	0	0	0	0	0	1	0	0	533.jpeg
534	0	0	0	0	0	0	1	0	534.jpeg
535	0	0	0	0	0	0	0	1	535.jpeg
536	0	1	0	0	0	0	0	0	536.jpeg
537	0	0	0	0	1	0	0	0	537.jpeg
538	1	0	0	0	0	0	0	0	538.jpeg
539	1	0	0	0	0	0	0	0	539.jpeg
540	0	0	0	0	0	1	0	0	540.jpeg
541	1	0	0	0	0	0	0	0	541.jpeg
542	1	0	0	0	0	0	0	0	542.jpeg
543	1	0	0	0	0	0	0	0	543.jpeg
544	1	0	0	0	0	0	0	0	544.jpeg
545	1	0	0	0	0	0	0	0	545.jpeg
546	1	0	0	0	0	0	0	0	546.jpeg
547	0	1	0	0	0	0	0	0	547.jpeg
548	0	0	0	0	1	0	0	0	548.jpeg
549	1	0	0	0	0	0	0	0	549.jpeg
550	0	0	0	0	0	0	1	0	550.jpeg
551	0	0	0	0	0	0	1	0	551.jpeg
552	0	1	0	0	0	0	0	0	552.jpeg
553	1	0	0	0	0	0	0	0	553.jpeg
554	0	0	1	0	0	0	0	0	554.jpeg
555	0	0	0	1	0	0	0	0	555.jpeg
556	1	0	0	0	0	0	0	0	556.jpeg
557	1	0	0	0	0	0	0	0	557.jpeg
558	0	0	0	0	0	0	1	0	558.jpeg
559	0	0	1	0	0	0	0	0	559.jpeg
560	0	0	0	1	0	0	0	0	560.jpeg
561	0	0	0	0	0	1	0	0	561.jpeg
562	0	0	0	1	0	0	0	0	562.jpeg
563	1	0	0	0	0	0	0	0	563.jpeg
564	0	0	0	0	1	0	0	0	564.jpeg
565	1	0	0	0	0	0	0	0	565.jpeg
566	0	0	1	0	0	0	0	0	566.jpeg
567	1	0	0	0	0	0	0	0	567.jpeg
568	1	0	0	0	0	0	0	0	568.jpeg
569	0	0	0	1	0	0	0	0	569.jpeg
570	0	1	0	0	0	0	0	0	570.jpeg
571	1	0	0	0	0	0	0	0	571.jpeg
572	0	0	1	0	0	0	0	0	572.jpeg
573	0	0	0	0	0	0	0	1	573.jpeg
574	0	0	0	0	0	0	1	0	574.jpeg
575	0	0	0	0	0	0	0	1	575.jpeg
576	0	0	0	0	0	1	0	0	576.jpeg
577	0	0	0	1	0	0	0	0	577.jpeg
578	0	0	0	0	0	1	0	0	578.jpeg
579	0	1	0	0	0	0	0	0	579.jpeg
580	0	1	0	0	0	0	0	0	580.jpeg
581	0	0	0	0	0	1	0	0	581.jpeg
582	1	0	0	0	0	0	0	0	582.jpeg
583	1	0	0	0	0	0	0	0	583.jpeg
584	1	0	0	0	0	0	0	0	584.jpeg
585	1	0	0	0	0	0	0	0	585.jpeg
586	0	0	0	0	0	1	0	0	586.jpeg
587	0	0	0	0	1	0	0	0	587.jpeg
588	0	0	0	0	0	0	1	0	588.jpeg
589	0	0	0	0	0	0	0	1	589.jpeg
590	0	1	0	0	0	0	0	0	590.jpeg
591	0	1	0	0	0	0	0	0	591.jpeg
592	0	0	1	0	0	0	0	0	592.jpeg
593	0	0	1	0	0	0	0	0	593.jpeg
594	0	0	0	0	0	0	1	0	594.jpeg
595	0	0	1	0	0	0	0	0	595.jpeg
596	0	0	0	1	0	0	0	0	596.jpeg
597	1	0	0	0	0	0	0	0	597.jpeg
598	0	0	0	0	0	1	0	0	598.jpeg
599	1	0	0	0	0	0	0	0	599.jpeg
600	1	0	0	0	0	0	0	0	600.jpeg
601	0	0	0	0	0	0	1	0	601.jpeg
602	1	0	0	0	0	0	0	0	602.jpeg
603	0	1	0	0	0	0	0	0	603.jpeg
604	1	0	0	0	0	0	0	0	604.jpeg
605	1	0	0	0	0	0	0	0	605.jpeg
606	1	0	0	0	0	0	0	0	606.jpeg
607	0	0	0	0	0	0	0	1	607.jpeg
608	0	0	1	0	0	0	0	0	608.jpeg
609	0	0	0	0	0	0	1	0	609.jpeg
610	1	0	0	0	0	0	0	0	610.jpeg
611	0	0	1	0	0	0	0	0	611.jpeg
612	0	0	0	0	1	0	0	0	612.jpeg
613	1	0	0	0	0	0	0	0	613.jpeg
614	0	0	0	0	1	0	0	0	614.jpeg
615	1	0	0	0	0	0	0	0	615.jpeg
616	1	0	0	0	0	0	0	0	616.jpeg
617	1	0	0	0	0	0	0	0	617.jpeg
618	0	0	0	0	0	0	0	1	618.jpeg
619	1	0	0	0	0	0	0	0	619.jpeg
620	1	0	0	0	0	0	0	0	620.jpeg
621	0	0	0	1	0	0	0	0	621.jpeg
622	0	0	0	0	1	0	0	0	622.jpeg
623	0	1	0	0	0	0	0	0	623.jpeg
624	0	0	1	0	0	0	0	0	624.jpeg
625	1	0	0	0	0	0	0	0	625.jpeg
626	0	0	0	1	0	0	0	0	626.jpeg
627	0	0	0	0	0	0	0	1	627.jpeg
628	1	0	0	0	0	0	0	0	628.jpeg
629	0	0	0	0	0	1	0	0	629.jpeg
630	0	0	1	0	0	0	0	0	630.jpeg
631	0	0	0	0	0	0	0	1	631.jpeg
632	1	0	0	0	0	0	0	0	632.jpeg
633	1	0	0	0	0	0	0	0	633.jpeg
634	0	1	0	0	0	0	0	0	634.jpeg
635	0	0	1	0	0	0	0	0	635.jpeg
636	1	0	0	0	0	0	0	0	636.jpeg
637	1	0	0	0	0	0	0	0	637.jpeg
638	1	0	0	0	0	0	0	0	638.jpeg
639	0	0	0	1	0	0	0	0	639.jpeg
640	0	0	1	0	0	0	0	0	640.jpeg
641	0	0	1	0	0	0	0	0	641.jpeg
642	0	0	0	0	0	1	0	0	642.jpeg
643	0	0	0	0	0	0	1	0	643.jpeg
644	0	0	0	0	1	0	0	0	644.jpeg
645	0	0	0	0	1	0	0	0	645.jpeg
646	1	0	0	0	0	0	0	0	646.jpeg
647	0	0	0	0	1	0	0	0	647.jpeg
648	0	0	0	0	0	0	0	1	648.jpeg
649	0	0	0	0	0	0	1	0	649.jpeg
650	0	1	0	0	0	0	0	0	650.jpeg
651	0	0	0	0	1	0	0	0	651.jpeg
652	0	0	0	1	0	0	0	0	652.jpeg
653	1	0	0	0	0	0	0	0	653.jpeg
654	0	0	0	0	0	1	0	0	654.jpeg
655	1	0	0	0	0	0	0	0	655.jpeg
656	0	1	0	0	0	0	0	0	656.jpeg
657	0	0	0	0	0	0	1	0	657.jpeg
658	1	0	0	0	0	0	0	0	658.jpeg
659	0	0	0	0	0	0	1	0	659.jpeg
660	1	0	0	0	0	0	0	0	660.jpeg
661	1	0	0	0	0	0	0	0	661.jpeg
662	0	0	1	0	0	0	0	0	662.jpeg
663	0	0	0	1	0	0	0	0	663.jpeg
664	1	0	0	0	0	0	0	0	664.jpeg
665	1	0	0	0	0	0	0	0	665.jpeg
666	0	0	0	0	0	1	0	0	666.jpeg
667	0	0	0	0	0	1	0	0	667.jpeg
668	0	1	0	0	0	0	0	0	668.jpeg
669	0	1	0	0	0	0	0	0	669.jpeg
670	1	0	0	0	0	0	0	0	670.jpeg
671	1	0	0	0	0	0	0	0	671.jpeg
672	0	1	0	0	0	0	0	0	672.jpeg
673	0	0	1	0	0	0	0	0	673.jpeg
674	1	0	0	0	0	0	0	0	674.jpeg
675	0	0	0	0	0	0	1	0	675.jpeg
676	1	0	0	0	0	0	0	0	676.jpeg
677	1	0	0	0	0	0	0	0	677.jpeg
678	0	0	0	1	0	0	0	0	678.jpeg
679	1	0	0	0	0	0	0	0	679.jpeg
680	0	0	0	0	0	1	0	0	680.jpeg
681	0	1	0	0	0	0	0	0	681.jpeg
682	0	1	0	0	0	0	0	0	682.jpeg
683	0	0	0	1	0	0	0	0	683.jpeg
684	1	0	0	0	0	0	0	0	684.jpeg
685	1	0	0	0	0	0	0	0	685.jpeg
686	0	1	0	0	0	0	0	0	686.jpeg
687	0	0	1	0	0	0	0	0	687.jpeg
688	0	0	0	1	0	0	0	0	688.jpeg
689	1	0	0	0	0	0	0	0	689.jpeg
690	1	0	0	0	0	0	0	0	690.jpeg
691	0	0	0	0	1	0	0	0	691.jpeg
692	0	0	0	0	1	0	0	0	692.jpeg
693	0	0	0	0	0	1	0	0	693.jpeg
694	0	0	0	0	1	0	0	0	694.jpeg
695	0	0	0	0	1	0	0	0	695.jpeg
696	0	1	0	0	0	0	0	0	696.jpeg
697	0	1	0	0	0	0	0	0	697.jpeg
698	0	0	0	0	0	0	1	0	698.jpeg
699	0	1	0	0	0	0	0	0	699.jpeg
700	1	0	0	0	0	0	0	0	700.jpeg
701	0	0	0	0	0	1	0	0	701.jpeg
702	0	0	0	0	0	0	1	0	702.jpeg
703	0	0	0	0	0	1	0	0	703.jpeg
704	0	1	0	0	0	0	0	0	704.jpeg
705	1	0	0	0	0	0	0	0	705.jpeg
706	1	0	0	0	0	0	0	0	706.jpeg
707	0	0	0	0	1	0	0	0	707.jpeg
708	0	0	1	0	0	0	0	0	708.jpeg
709	1	0	0	0	0	0	0	0	709.jpeg
710	1	0	0	0	0	0	0	0	710.jpeg
711	0	1	0	0	0	0	0	0	711.jpeg
712	0	0	0	1	0	0	0	0	712.jpeg
713	1	0	0	0	0	0	0	0	713.jpeg
714	0	0	0	0	0	0	0	1	714.jpeg
715	1	0	0	0	0	0	0	0	715.jpeg
716	0	0	0	0	1	0	0	0	716.jpeg
717	1	0	0	0	0	0	0	0	717.jpeg
718	0	0	0	0	1	0	0	0	718.jpeg
719	0	0	0	0	0	0	1	0	719.jpeg
720	0	0	0	0	0	0	1	0	720.jpeg
721	0	0	0	0	0	0	1	0	721.jpeg
722	1	0	0	0	0	0	0	0	722.jpeg
723	0	0	0	0	1	0	0	0	723.jpeg
724	0	0	0	1	0	0	0	0	724.jpeg
725	0	0	1	0	0	0	0	0	725.jpeg
726	1	0	0	0	0	0	0	0	726.jpeg
727	0	0	0	0	1	0	0	0	727.jpeg
728	0	0	0	0	0	0	0	1	728.jpeg
729	0	0	1	0	0	0	0	0	729.jpeg
730	0	0	0	0	0	1	0	0	730.jpeg
731	1	0	0	0	0	0	0	0	731.jpeg
732	1	0	0	0	0	0	0	0	732.jpeg
733	0	0	0	0	0	0	1	0	733.jpeg
734	0	1	0	0	0	0	0	0	734.jpeg
735	0	0	1	0	0	0	0	0	735.jpeg
736	0	0	0	0	0	0	0	1	736.jpeg
737	0	0	0	0	0	0	1	0	737.jpeg
738	1	0	0	0	0	0	0	0	738.jpeg
739	0	0	0	0	0	0	1	0	739.jpeg
740	0	0	1	0	0	0	0	0	740.jpeg
741	1	0	0	0	0	0	0	0	741.jpeg
742	0	0	0	0	0	0	1	0	742.jpeg
743	1	0	0	0	0	0	0	0	743.jpeg
744	1	0	0	0	0	0	0	0	744.jpeg
745	0	0	0	0	0	0	1	0	745.jpeg
746	1	0	0	0	0	0	0	0	746.jpeg
747	0	0	0	0	0	0	1	0	747.jpeg
748	0	0	0	0	0	0	0	1	748.jpeg
749	1	0	0	0	0	0	0	0	749.jpeg
750	1	0	0	0	0	0	0	0	750.jpeg
751	1	0	0	0	0	0	0	0	751.jpeg
752	1	0	0	0	0	0	0	0	752.jpeg
753	1	0	0	0	0	0	0	0	753.jpeg
754	0	0	0	1	0	0	0	0	754.jpeg
755	1	0	0	0	0	0	0	0	755.jpeg
756	1	0	0	0	0	0	0	0	756.jpeg
757	1	0	0	0	0	0	0	0	757.jpeg
758	0	0	0	0	0	0	0	1	758.jpeg
759	1	0	0	0	0	0	0	0	759.jpeg
760	0	0	0	0	1	0	0	0	760.jpeg
761	0	0	0	1	0	0	0	0	761.jpeg
762	0	0	0	0	0	0	1	0	762.jpeg
763	1	0	0	0	0	0	0	0	763.jpeg
764	0	0	0	0	0	0	0	1	764.jpeg
765	0	0	0	0	0	1	0	0	765.jpeg
766	0	0	0	0	0	0	1	0	766.jpeg
767	0	0	0	0	0	1	0	0	767.jpeg
768	1	0	0	0	0	0	0	0	768.jpeg
769	0	0	0	1	0	0	0	0	769.jpeg
770	0	1	0	0	0	0	0	0	770.jpeg
771	1	0	0	0	0	0	0	0	771.jpeg
772	1	0	0	0	0	0	0	0	772.jpeg
773	0	1	0	0	0	0	0	0	773.jpeg
774	0	0	0	0	1	0	0	0	774.jpeg
775	0	0	1	0	0	0	0	0	775.jpeg
776	0	0	0	0	0	0	0	1	776.jpeg
777	0	1	0	0	0	0	0	0	777.jpeg
778	0	1	0	0	0	0	0	0	778.jpeg
779	0	0	0	1	0	0	0	0	779.jpeg
780	1	0	0	0	0	0	0	0	780.jpeg
781	0	0	0	0	0	0	0	1	781.jpeg
782	0	0	0	0	0	0	1	0	782.jpeg
783	1	0	0	0	0	0	0	0	783.jpeg
784	0	0	0	0	0	0	0	1	784.jpeg
785	0	0	0	0	0	0	0	1	785.jpeg
786	0	0	0	0	0	0	1	0	786.jpeg
787	0	1	0	0	0	0	0	0	787.jpeg
788	0	0	0	0	0	0	1	0	788.jpeg
789	0	0	0	1	0	0	0	0	789.jpeg
790	0	0	0	0	1	0	0	0	790.jpeg
791	1	0	0	0	0	0	0	0	791.jpeg
792	0	0	0	0	0	0	1	0	792.jpeg
793	1	0	0	0	0	0	0	0	793.jpeg
794	0	0	0	0	0	0	1	0	794.jpeg
795	0	0	1	0	0	0	0	0	795.jpeg
796	1	0	0	0	0	0	0	0	796.jpeg
797	0	1	0	0	0	0	0	0	797.jpeg
798	1	0	0	0	0	0	0	0	798.jpeg
799	0	0	0	0	0	0	1	0	799.jpeg
800	0	1	0	0	0	0	0	0	800.jpeg
801	0	0	0	0	1	0	0	0	801.jpeg
802	0	0	0	0	0	1	0	0	802.jpeg
803	1	0	0	0	0	0	0	0	803.jpeg
804	0	0	0	0	0	0	1	0	804.jpeg
805	1	0	0	0	0	0	0	0	805.jpeg
806	1	0	0	0	0	0	0	0	806.jpeg
807	0	0	0	0	1	0	0	0	807.jpeg
808	1	0	0	0	0	0	0	0	808.jpeg
809	0	0	1	0	0	0	0	0	809.jpeg
810	0	0	0	1	0	0	0	0	810.jpeg
811	0	0	0	0	0	0	1	0	811.jpeg
812	0	0	0	0	0	0	1	0	812.jpeg
813	0	0	0	0	0	0	0	1	813.jpeg
814	0	0	0	0	0	1	0	0	814.jpeg
815	0	0	0	0	0	1	0	0	815.jpeg
816	0	0	0	0	0	0	0	1	816.jpeg
817	0	0	0	0	1	0	0	0	817.jpeg
818	0	0	0	0	0	0	0	1	818.jpeg
819	1	0	0	0	0	0	0	0	819.jpeg
820	0	0	0	0	0	0	1	0	820.jpeg
821	0	0	0	1	0	0	0	0	821.jpeg
822	1	0	0	0	0	0	0	0	822.jpeg
823	0	1	0	0	0	0	0	0	823.jpeg
824	1	0	0	0	0	0	0	0	824.jpeg
825	0	0	0	1	0	0	0	0	825.jpeg
826	1	0	0	0	0	0	0	0	826.jpeg
827	1	0	0	0	0	0	0	0	827.jpeg
828	0	0	0	0	0	0	1	0	828.jpeg
829	0	0	1	0	0	0	0	0	829.jpeg
830	1	0	0	0	0	0	0	0	830.jpeg
831	0	0	1	0	0	0	0	0	831.jpeg
832	0	0	0	1	0	0	0	0	832.jpeg
833	0	0	0	0	0	0	1	0	833.jpeg
834	0	1	0	0	0	0	0	0	834.jpeg
835	0	0	0	1	0	0	0	0	835.jpeg
836	0	0	0	0	1	0	0	0	836.jpeg
837	0	0	0	0	0	1	0	0	837.jpeg
838	1	0	0	0	0	0	0	0	838.jpeg
839	1	0	0	0	0	0	0	0	839.jpeg
840	0	0	0	0	1	0	0	0	840.jpeg
841	1	0	0	0	0	0	0	0	841.jpeg
842	0	0	0	1	0	0	0	0	842.jpeg
843	0	0	0	1	0	0	0	0	843.jpeg
844	0	0	0	0	0	0	1	0	844.jpeg
845	1	0	0	0	0	0	0	0	845.jpeg
846	0	0	0	0	0	0	1	0	846.jpeg
847	0	1	0	0	0	0	0	0	847.jpeg
848	0	0	0	0	0	0	1	0	848.jpeg
849	0	0	0	0	0	0	1	0	849.jpeg
850	0	0	1	0	0	0	0	0	850.jpeg
851	1	0	0	0	0	0	0	0	851.jpeg
852	1	0	0	0	0	0	0	0	852.jpeg
853	1	0	0	0	0	0	0	0	853.jpeg
854	0	0	1	0	0	0	0	0	854.jpeg
855	1	0	0	0	0	0	0	0	855.jpeg
856	0	1	0	0	0	0	0	0	856.jpeg
857	0	0	0	0	1	0	0	0	857.jpeg
858	0	0	0	1	0	0	0	0	858.jpeg
859	1	0	0	0	0	0	0	0	859.jpeg
860	0	0	0	0	0	0	1	0	860.jpeg
861	0	0	1	0	0	0	0	0	861.jpeg
862	0	1	0	0	0	0	0	0	862.jpeg
863	0	1	0	0	0	0	0	0	863.jpeg
864	1	0	0	0	0	0	0	0	864.jpeg
865	0	1	0	0	0	0	0	0	865.jpeg
866	0	0	0	0	0	0	0	1	866.jpeg
867	0	0	0	1	0	0	0	0	867.jpeg
868	0	0	1	0	0	0	0	0	868.jpeg
869	0	0	1	0	0	0	0	0	869.jpeg
870	0	0	0	0	1	0	0	0	870.jpeg
871	1	0	0	0	0	0	0	0	871.jpeg
872	1	0	0	0	0	0	0	0	872.jpeg
873	0	0	1	0	0	0	0	0	873.jpeg
874	0	0	0	0	0	1	0	0	874.jpeg
875	0	0	0	0	0	0	0	1	875.jpeg
876	0	0	0	0	1	0	0	0	876.jpeg
877	1	0	0	0	0	0	0	0	877.jpeg
878	1	0	0	0	0	0	0	0	878.jpeg
879	0	0	1	0	0	0	0	0	879.jpeg
880	1	0	0	0	0	0	0	0	880.jpeg
881	0	0	0	0	0	0	1	0	881.jpeg
882	0	0	0	0	0	1	0	0	882.jpeg
883	0	0	1	0	0	0	0	0	883.jpeg
884	0	0	0	0	0	1	0	0	884.jpeg
885	0	0	0	0	1	0	0	0	885.jpeg
886	1	0	0	0	0	0	0	0	886.jpeg
887	0	1	0	0	0	0	0	0	887.jpeg
888	0	0	0	0	0	1	0	0	888.jpeg
889	1	0	0	0	0	0	0	0	889.jpeg
890	0	0	0	0	0	0	1	0	890.jpeg
891	0	0	1	0	0	0	0	0	891.jpeg
892	0	0	0	1	0	0	0	0	892.jpeg
893	0	0	0	0	1	0	0	0	893.jpeg
894	0	0	0	0	1	0	0	0	894.jpeg
895	0	1	0	0	0	0	0	0	895.jpeg
896	1	0	0	0	0	0	0	0	896.jpeg
897	0	0	0	0	0	0	1	0	897.jpeg
898	0	0	0	0	0	0	1	0	898.jpeg
899	0	0	0	0	1	0	0	0	899.jpeg
900	0	0	0	0	0	0	1	0	900.jpeg
901	0	1	0	0	0	0	0	0	901.jpeg
902	0	0	0	0	1	0	0	0	902.jpeg
903	0	0	0	0	1	0	0	0	903.jpeg
904	1	0	0	0	0	0	0	0	904.jpeg
905	0	0	0	0	1	0	0	0	905.jpeg
906	0	1	0	0	0	0	0	0	906.jpeg
907	0	0	0	0	0	0	0	1	907.jpeg
908	1	0	0	0	0	0	0	0	908.jpeg
909	0	0	0	0	0	0	1	0	909.jpeg
910	1	0	0	0	0	0	0	0	910.jpeg
911	0	0	0	1	0	0	0	0	911.jpeg
912	1	0	0	0	0	0	0	0	912.jpeg
913	1	0	0	0	0	0	0	0	913.jpeg
914	0	0	0	0	0	1	0	0	914.jpeg
915	0	0	0	0	0	1	0	0	915.jpeg
916	0	0	0	0	0	1	0	0	916.jpeg
917	1	0	0	0	0	0	0	0	917.jpeg
918	1	0	0	0	0	0	0	0	918.jpeg
919	1	0	0	0	0	0	0	0	919.jpeg
920	0	0	0	0	0	0	0	1	920.jpeg
921	0	0	0	1	0	0	0	0	921.jpeg
922	1	0	0	0	0	0	0	0	922.jpeg
923	0	0	1	0	0	0	0	0	923.jpeg
924	1	0	0	0	0	0	0	0	924.jpeg
925	0	0	0	0	0	0	1	0	925.jpeg
926	0	0	1	0	0	0	0	0	926.jpeg
927	1	0	0	0	0	0	0	0	927.jpeg
928	1	0	0	0	0	0	0	0	928.jpeg
929	1	0	0	0	0	0	0	0	929.jpeg
930	1	0	0	0	0	0	0	0	930.jpeg
931	1	0	0	0	0	0	0	0	931.jpeg
932	0	0	1	0	0	0	0	0	932.jpeg
933	0	0	0	0	0	0	1	0	933.jpeg
934	0	0	0	0	0	0	0	1	934.jpeg
935	1	0	0	0	0	0	0	0	935.jpeg
936	1	0	0	0	0	0	0	0	936.jpeg
937	1	0	0	0	0	0	0	0	937.jpeg
938	1	0	0	0	0	0	0	0	938.jpeg
939	1	0	0	0	0	0	0	0	939.jpeg
940	1	0	0	0	0	0	0	0	940.jpeg
941	0	0	0	0	0	0	1	0	941.jpeg
942	1	0	0	0	0	0	0	0	942.jpeg
943	0	0	1	0	0	0	0	0	943.jpeg
944	1	0	0	0	0	0	0	0	944.jpeg
945	0	0	1	0	0	0	0	0	945.jpeg
946	0	0	0	0	0	0	1	0	946.jpeg
947	0	0	1	0	0	0	0	0	947.jpeg
948	0	0	0	0	0	1	0	0	948.jpeg
949	1	0	0	0	0	0	0	0	949.jpeg
950	0	0	0	0	0	1	0	0	950.jpeg
951	1	0	0	0	0	0	0	0	951.jpeg
952	1	0	0	0	0	0	0	0	952.jpeg
953	0	0	0	0	0	0	1	0	953.jpeg
954	1	0	0	0	0	0	0	0	954.jpeg
955	0	0	0	0	0	0	1	0	955.jpeg
956	0	0	1	0	0	0	0	0	956.jpeg
957	1	0	0	0	0	0	0	0	957.jpeg
958	0	0	0	0	0	0	0	1	958.jpeg
959	0	0	0	0	0	0	0	1	959.jpeg
960	0	0	0	0	0	0	0	1	960.jpeg
961	0	0	0	0	1	0	0	0	961.jpeg
962	0	0	0	0	0	1	0	0	962.jpeg
963	1	0	0	0	0	0	0	0	963.jpeg
964	1	0	0	0	0	0	0	0	964.jpeg
965	0	0	0	0	0	0	1	0	965.jpeg
966	0	0	0	0	0	1	0	0	966.jpeg
967	1	0	0	0	0	0	0	0	967.jpeg
968	0	0	0	0	1	0	0	0	968.jpeg
969	0	0	0	0	0	0	0	1	969.jpeg
970	1	0	0	0	0	0	0	0	970.jpeg
971	1	0	0	0	0	0	0	0	971.jpeg
972	1	0	0	0	0	0	0	0	972.jpeg
973	1	0	0	0	0	0	0	0	973.jpeg
974	0	0	0	0	1	0	0	0	974.jpeg
975	1	0	0	0	0	0	0	0	975.jpeg
976	0	0	0	0	0	0	1	0	976.jpeg
977	0	0	0	0	0	1	0	0	977.jpeg
978	1	0	0	0	0	0	0	0	978.jpeg
979	0	0	0	0	0	0	1	0	979.jpeg
980	1	0	0	0	0	0	0	0	980.jpeg
981	1	0	0	0	0	0	0	0	981.jpeg
982	0	0	0	0	1	0	0	0	982.jpeg
983	0	0	0	0	1	0	0	0	983.jpeg
984	0	1	0	0	0	0	0	0	984.jpeg
985	1	0	0	0	0	0	0	0	985.jpeg
986	0	0	0	0	0	1	0	0	986.jpeg
987	0	0	0	0	0	0	1	0	987.jpeg
988	0	1	0	0	0	0	0	0	988.jpeg
989	0	0	0	1	0	0	0	0	989.jpeg
990	1	0	0	0	0	0	0	0	990.jpeg
991	0	0	0	0	0	1	0	0	991.jpeg
992	1	0	0	0	0	0	0	0	992.jpeg
993	0	1	0	0	0	0	0	0	993.jpeg
994	1	0	0	0	0	0	0	0	994.jpeg
995	0	0	0	1	0	0	0	0	995.jpeg
996	0	0	0	0	0	1	0	0	996.jpeg
997	0	0	0	0	1	0	0	0	997.jpeg
998	0	0	0	0	0	0	1	0	998.jpeg
999	1	0	0	0	0	0	0	0	999.jpeg
1000	0	0	1	0	0	0	0	0	1000.jpeg
1001	0	0	1	0	0	0	0	0	1001.jpeg
1002	0	0	0	0	0	1	0	0	1002.jpeg
1003	1	0	0	0	0	0	0	0	1003.jpeg
1004	0	0	0	0	1	0	0	0	1004.jpeg
1005	0	0	0	0	0	0	1	0	1005.jpeg
1006	0	0	0	0	0	1	0	0	1006.jpeg
1007	0	0	0	1	0	0	0	0	1007.jpeg
1008	0	0	0	0	0	0	0	1	1008.jpeg
1009	0	1	0	0	0	0	0	0	1009.jpeg
1010	0	0	0	1	0	0	0	0	1010.jpeg
1011	0	0	1	0	0	0	0	0	1011.jpeg
1012	0	0	1	0	0	0	0	0	1012.jpeg
1013	0	0	0	0	0	0	1	0	1013.jpeg
1014	1	0	0	0	0	0	0	0	1014.jpeg
1015	0	0	0	0	0	0	1	0	1015.jpeg
1016	1	0	0	0	0	0	0	0	1016.jpeg
1017	0	0	0	0	0	1	0	0	1017.jpeg
1018	0	0	0	0	1	0	0	0	1018.jpeg
1019	0	0	0	0	1	0	0	0	1019.jpeg
1020	0	0	0	0	0	1	0	0	1020.jpeg
1021	0	0	1	0	0	0	0	0	1021.jpeg
1022	0	1	0	0	0	0	0	0	1022.jpeg
1023	0	0	1	0	0	0	0	0	1023.jpeg
1024	0	0	1	0	0	0	0	0	1024.jpeg
1025	0	0	0	0	0	0	0	1	1025.jpeg
1026	0	0	0	1	0	0	0	0	1026.jpeg
1027	1	0	0	0	0	0	0	0	1027.jpeg
1028	0	0	0	0	1	0	0	0	1028.jpeg
1029	1	0	0	0	0	0	0	0	1029.jpeg
1030	1	0	0	0	0	0	0	0	1030.jpeg
1031	1	0	0	0	0	0	0	0	1031.jpeg
1032	0	0	0	1	0	0	0	0	1032.jpeg
1033	0	0	0	0	0	0	1	0	1033.jpeg
1034	0	0	0	0	1	0	0	0	1034.jpeg
1035	0	0	0	1	0	0	0	0	1035.jpeg
1036	1	0	0	0	0	0	0	0	1036.jpeg
1037	1	0	0	0	0	0	0	0	1037.jpeg
1038	0	0	1	0	0	0	0	0	1038.jpeg
1039	0	0	0	0	1	0	0	0	1039.jpeg
1040	1	0	0	0	0	0	0	0	1040.jpeg
1041	1	0	0	0	0	0	0	0	1041.jpeg
1042	0	0	1	0	0	0	0	0	1042.jpeg
1043	0	0	0	0	0	0	1	0	1043.jpeg
1044	0	1	0	0	0	0	0	0	1044.jpeg
1045	0	0	0	1	0	0	0	0	1045.jpeg
1046	1	0	0	0	0	0	0	0	1046.jpeg
1047	0	0	1	0	0	0	0	0	1047.jpeg
1048	0	0	0	0	0	0	1	0	1048.jpeg
1049	0	0	0	1	0	0	0	0	1049.jpeg
1050	1	0	0	0	0	0	0	0	1050.jpeg
1051	1	0	0	0	0	0	0	0	1051.jpeg
1052	1	0	0	0	0	0	0	0	1052.jpeg
1053	1	0	0	0	0	0	0	0	1053.jpeg
1054	1	0	0	0	0	0	0	0	1054.jpeg
1055	0	0	0	0	0	1	0	0	1055.jpeg
1056	1	0	0	0	0	0	0	0	1056.jpeg
1057	0	0	0	0	0	0	1	0	1057.jpeg
1058	0	0	0	0	0	1	0	0	1058.jpeg
1059	1	0	0	0	0	0	0	0	1059.jpeg
1060	0	0	0	0	1	0	0	0	1060.jpeg
1061	1	0	0	0	0	0	0	0	1061.jpeg
1062	1	0	0	0	0	0	0	0	1062.jpeg
1063	1	0	0	0	0	0	0	0	1063.jpeg
1064	1	0	0	0	0	0	0	0	1064.jpeg
1065	0	0	0	0	0	0	0	1	1065.jpeg
1066	1	0	0	0	0	0	0	0	1066.jpeg
1067	1	0	0	0	0	0	0	0	1067.jpeg
1068	0	0	0	0	0	1	0	0	1068.jpeg
1069	0	0	1	0	0	0	0	0	1069.jpeg
1070	0	0	0	1	0	0	0	0	1070.jpeg
1071	1	0	0	0	0	0	0	0	1071.jpeg
1072	0	1	0	0	0	0	0	0	1072.jpeg
1073	0	0	0	1	0	0	0	0	1073.jpeg
1074	1	0	0	0	0	0	0	0	1074.jpeg
1075	0	0	0	0	0	1	0	0	1075.jpeg
1076	1	0	0	0	0	0	0	0	1076.jpeg
1077	1	0	0	0	0	0	0	0	1077.jpeg
1078	1	0	0	0	0	0	0	0	1078.jpeg
1079	0	0	0	0	0	1	0	0	1079.jpeg
1080	1	0	0	0	0	0	0	0	1080.jpeg
1081	0	0	0	1	0	0	0	0	1081.jpeg
1082	0	0	1	0	0	0	0	0	1082.jpeg
1083	1	0	0	0	0	0	0	0	1083.jpeg
1084	0	0	0	0	1	0	0	0	1084.jpeg
1085	0	0	0	0	1	0	0	0	1085.jpeg
1086	0	0	0	0	0	0	1	0	1086.jpeg
1087	0	0	0	0	1	0	0	0	1087.jpeg
1088	0	0	0	0	1	0	0	0	1088.jpeg
1089	0	0	0	0	0	0	1	0	1089.jpeg
1090	0	0	0	0	0	0	1	0	1090.jpeg
1091	0	0	0	1	0	0	0	0	1091.jpeg
1092	0	0	0	0	0	1	0	0	1092.jpeg
1093	0	0	0	0	1	0	0	0	1093.jpeg
1094	1	0	0	0	0	0	0	0	1094.jpeg
1095	0	0	1	0	0	0	0	0	1095.jpeg
1096	1	0	0	0	0	0	0	0	1096.jpeg
1097	0	0	0	1	0	0	0	0	1097.jpeg
1098	1	0	0	0	0	0	0	0	1098.jpeg
1099	0	0	0	0	0	0	1	0	1099.jpeg
1100	0	0	0	0	1	0	0	0	1100.jpeg
1101	0	0	0	1	0	0	0	0	1101.jpeg
1102	1	0	0	0	0	0	0	0	1102.jpeg
1103	0	0	0	0	0	0	1	0	1103.jpeg
1104	1	0	0	0	0	0	0	0	1104.jpeg
1105	1	0	0	0	0	0	0	0	1105.jpeg
1106	0	0	1	0	0	0	0	0	1106.jpeg
1107	0	1	0	0	0	0	0	0	1107.jpeg
1108	1	0	0	0	0	0	0	0	1108.jpeg
1109	0	1	0	0	0	0	0	0	1109.jpeg
1110	0	0	1	0	0	0	0	0	1110.jpeg
1111	0	0	0	1	0	0	0	0	1111.jpeg
1112	1	0	0	0	0	0	0	0	1112.jpeg
1113	0	0	0	0	1	0	0	0	1113.jpeg
1114	0	0	1	0	0	0	0	0	1114.jpeg
1115	1	0	0	0	0	0	0	0	1115.jpeg
1116	0	0	0	1	0	0	0	0	1116.jpeg
1117	1	0	0	0	0	0	0	0	1117.jpeg
1118	1	0	0	0	0	0	0	0	1118.jpeg
1119	0	0	1	0	0	0	0	0	1119.jpeg
1120	0	0	0	0	0	1	0	0	1120.jpeg
1121	1	0	0	0	0	0	0	0	1121.jpeg
1122	0	0	0	0	0	0	1	0	1122.jpeg
1123	0	1	0	0	0	0	0	0	1123.jpeg
1124	1	0	0	0	0	0	0	0	1124.jpeg
1125	0	0	0	0	0	1	0	0	1125.jpeg
1126	1	0	0	0	0	0	0	0	1126.jpeg
1127	0	0	0	0	1	0	0	0	1127.jpeg
1128	0	0	1	0	0	0	0	0	1128.jpeg
1129	0	0	0	1	0	0	0	0	1129.jpeg
1130	1	0	0	0	0	0	0	0	1130.jpeg
1131	0	0	0	0	1	0	0	0	1131.jpeg
1132	1	0	0	0	0	0	0	0	1132.jpeg
1133	1	0	0	0	0	0	0	0	1133.jpeg
1134	0	0	0	0	0	0	0	1	1134.jpeg
1135	0	0	0	0	0	1	0	0	1135.jpeg
1136	0	0	0	0	1	0	0	0	1136.jpeg
1137	0	0	1	0	0	0	0	0	1137.jpeg
1138	0	0	0	0	0	0	1	0	1138.jpeg
1139	0	0	1	0	0	0	0	0	1139.jpeg
1140	0	1	0	0	0	0	0	0	1140.jpeg
1141	0	0	1	0	0	0	0	0	1141.jpeg
1142	1	0	0	0	0	0	0	0	1142.jpeg
1143	1	0	0	0	0	0	0	0	1143.jpeg
1144	0	1	0	0	0	0	0	0	1144.jpeg
1145	0	0	1	0	0	0	0	0	1145.jpeg
1146	0	0	0	0	0	1	0	0	1146.jpeg
1147	0	0	1	0	0	0	0	0	1147.jpeg
1148	1	0	0	0	0	0	0	0	1148.jpeg
1149	1	0	0	0	0	0	0	0	1149.jpeg
1150	1	0	0	0	0	0	0	0	1150.jpeg
1151	0	0	0	0	1	0	0	0	1151.jpeg
1152	0	0	0	0	0	0	0	1	1152.jpeg
1153	0	0	1	0	0	0	0	0	1153.jpeg
1154	0	0	0	0	0	0	1	0	1154.jpeg
1155	0	0	0	0	0	0	1	0	1155.jpeg
1156	1	0	0	0	0	0	0	0	1156.jpeg
1157	1	0	0	0	0	0	0	0	1157.jpeg
1158	0	1	0	0	0	0	0	0	1158.jpeg
1159	1	0	0	0	0	0	0	0	1159.jpeg
1160	1	0	0	0	0	0	0	0	1160.jpeg
1161	1	0	0	0	0	0	0	0	1161.jpeg
1162	0	0	0	0	0	1	0	0	1162.jpeg
1163	0	0	0	1	0	0	0	0	1163.jpeg
1164	1	0	0	0	0	0	0	0	1164.jpeg
1165	0	0	1	0	0	0	0	0	1165.jpeg
1166	0	0	0	0	0	1	0	0	1166.jpeg
1167	1	0	0	0	0	0	0	0	1167.jpeg
1168	1	0	0	0	0	0	0	0	1168.jpeg
1169	1	0	0	0	0	0	0	0	1169.jpeg
1170	1	0	0	0	0	0	0	0	1170.jpeg
1171	0	0	0	0	0	1	0	0	1171.jpeg
1172	0	0	0	1	0	0	0	0	1172.jpeg
1173	0	0	0	0	0	0	1	0	1173.jpeg
1174	0	0	0	0	1	0	0	0	1174.jpeg
1175	1	0	0	0	0	0	0	0	1175.jpeg
1176	1	0	0	0	0	0	0	0	1176.jpeg
1177	0	1	0	0	0	0	0	0	1177.jpeg
1178	1	0	0	0	0	0	0	0	1178.jpeg
1179	0	1	0	0	0	0	0	0	1179.jpeg
1180	0	0	1	0	0	0	0	0	1180.jpeg
1181	1	0	0	0	0	0	0	0	1181.jpeg
1182	1	0	0	0	0	0	0	0	1182.jpeg
1183	1	0	0	0	0	0	0	0	1183.jpeg
1184	1	0	0	0	0	0	0	0	1184.jpeg
1185	0	0	0	0	0	0	0	1	1185.jpeg
1186	0	0	0	0	0	1	0	0	1186.jpeg
1187	0	0	0	0	0	0	1	0	1187.jpeg
1188	1	0	0	0	0	0	0	0	1188.jpeg
1189	0	0	0	0	0	1	0	0	1189.jpeg
1190	1	0	0	0	0	0	0	0	1190.jpeg
1191	0	0	0	0	1	0	0	0	1191.jpeg
1192	0	0	1	0	0	0	0	0	1192.jpeg
1193	1	0	0	0	0	0	0	0	1193.jpeg
1194	1	0	0	0	0	0	0	0	1194.jpeg
1195	0	0	0	0	1	0	0	0	1195.jpeg
1196	0	0	0	0	1	0	0	0	1196.jpeg
1197	1	0	0	0	0	0	0	0	1197.jpeg
1198	0	0	0	0	0	1	0	0	1198.jpeg
1199	0	0	0	0	0	0	1	0	1199.jpeg
1200	0	0	0	1	0	0	0	0	1200.jpeg
1201	0	0	0	0	1	0	0	0	1201.jpeg
1202	1	0	0	0	0	0	0	0	1202.jpeg
1203	0	0	0	0	0	0	1	0	1203.jpeg
1204	1	0	0	0	0	0	0	0	1204.jpeg
1205	0	0	0	0	0	0	1	0	1205.jpeg
1206	1	0	0	0	0	0	0	0	1206.jpeg
1207	1	0	0	0	0	0	0	0	1207.jpeg
1208	1	0	0	0	0	0	0	0	1208.jpeg
1512	0	0	0	0	0	0	0	1	27.jpeg
1513	0	0	0	0	0	0	0	1	56.jpeg
1514	0	0	0	0	0	0	0	1	90.jpeg
1515	0	0	0	0	0	0	0	1	102.jpeg
1516	0	0	0	0	0	0	0	1	137.jpeg
1517	0	0	0	0	0	0	0	1	140.jpeg
1518	0	0	0	0	0	0	0	1	172.jpeg
1519	0	0	0	0	0	0	0	1	175.jpeg
1520	0	0	0	0	0	0	0	1	207.jpeg
1521	0	0	0	0	0	0	0	1	223.jpeg
1522	0	0	0	0	0	0	0	1	232.jpeg
1523	0	0	0	0	0	0	0	1	244.jpeg
1524	0	0	0	0	0	0	0	1	260.jpeg
1525	0	0	0	0	0	0	0	1	263.jpeg
1526	0	0	0	0	0	0	0	1	267.jpeg
1527	0	0	0	0	0	0	0	1	292.jpeg
1528	0	0	0	0	0	0	0	1	295.jpeg
1529	0	0	0	0	0	0	0	1	296.jpeg
1530	0	0	0	0	0	0	0	1	306.jpeg
1531	0	0	0	0	0	0	0	1	327.jpeg
1532	0	0	0	0	0	0	0	1	340.jpeg
1533	0	0	0	0	0	0	0	1	393.jpeg
1534	0	0	0	0	0	0	0	1	410.jpeg
1535	0	0	0	0	0	0	0	1	414.jpeg
1536	0	0	0	0	0	0	0	1	436.jpeg
1537	0	0	0	0	0	0	0	1	439.jpeg
1538	0	0	0	0	0	0	0	1	476.jpeg
1539	0	0	0	0	0	0	0	1	499.jpeg
1540	0	0	0	0	0	0	0	1	508.jpeg
1541	0	0	0	0	0	0	0	1	535.jpeg
1542	0	0	0	0	0	0	0	1	573.jpeg
1543	0	0	0	0	0	0	0	1	575.jpeg
1544	0	0	0	0	0	0	0	1	589.jpeg
1545	0	0	0	0	0	0	0	1	607.jpeg
1546	0	0	0	0	0	0	0	1	618.jpeg
1547	0	0	0	0	0	0	0	1	627.jpeg
1548	0	0	0	0	0	0	0	1	631.jpeg
1549	0	0	0	0	0	0	0	1	648.jpeg
1550	0	0	0	0	0	0	0	1	714.jpeg
1551	0	0	0	0	0	0	0	1	728.jpeg
1552	0	0	0	0	0	0	0	1	736.jpeg
1553	0	0	0	0	0	0	0	1	748.jpeg
1554	0	0	0	0	0	0	0	1	758.jpeg
1555	0	0	0	0	0	0	0	1	764.jpeg
1556	0	0	0	0	0	0	0	1	776.jpeg
1557	0	0	0	0	0	0	0	1	781.jpeg
1558	0	0	0	0	0	0	0	1	784.jpeg
1559	0	0	0	0	0	0	0	1	785.jpeg
1560	0	0	0	0	0	0	0	1	813.jpeg
1561	0	0	0	0	0	0	0	1	816.jpeg
1562	0	0	0	0	0	0	0	1	818.jpeg
1563	0	0	0	0	0	0	0	1	866.jpeg
1564	0	0	0	0	0	0	0	1	875.jpeg
1565	0	0	0	0	0	0	0	1	907.jpeg
1566	0	0	0	0	0	0	0	1	920.jpeg
1567	0	0	0	0	0	0	0	1	934.jpeg
1568	0	0	0	0	0	0	0	1	958.jpeg
1569	0	0	0	0	0	0	0	1	959.jpeg
1570	0	0	0	0	0	0	0	1	960.jpeg
1571	0	0	0	0	0	0	0	1	969.jpeg
1572	0	0	0	0	0	0	0	1	1008.jpeg
1573	0	0	0	0	0	0	0	1	1025.jpeg
1574	0	0	0	0	0	0	0	1	1065.jpeg
1575	0	0	0	0	0	0	0	1	1134.jpeg
1576	0	0	0	0	0	0	0	1	1152.jpeg
1577	0	0	0	0	0	0	0	1	1185.jpeg
